<?xml version="1.0" encoding="UTF-8"?>
<testng-results ignored="0" total="1" passed="1" failed="0" skipped="0">
  <reporter-output>
  </reporter-output>
  <suite started-at="2022-04-22T21:10:00 SGT" name="Default suite" finished-at="2022-04-22T21:10:05 SGT" duration-ms="4354">
    <groups>
    </groups>
    <test started-at="2022-04-22T21:10:00 SGT" name="Default test" finished-at="2022-04-22T21:10:05 SGT" duration-ms="4354">
      <class name="APIAutoamtion.APITest.FirstAPI">
        <test-method signature="TestAPI()[pri:0, instance:APIAutoamtion.APITest.FirstAPI@4e91d63f]" started-at="2022-04-22T21:10:01 SGT" name="TestAPI" finished-at="2022-04-22T21:10:05 SGT" duration-ms="4224" status="PASS">
          <reporter-output>
          </reporter-output>
        </test-method> <!-- TestAPI -->
      </class> <!-- APIAutoamtion.APITest.FirstAPI -->
    </test> <!-- Default test -->
  </suite> <!-- Default suite -->
</testng-results>
