<?xml version="1.0" encoding="UTF-8"?>
<testsuite xmlns:xsi="http://www.w3.org/2001/XMLSchema-instance" xsi:noNamespaceSchemaLocation="https://maven.apache.org/surefire/maven-surefire-plugin/xsd/surefire-test-report.xsd" name="com.singtel.test_runner.TestRunner" time="16.088" tests="4" errors="0" skipped="0" failures="0">
  <properties>
[...]
</properties>
  <testcase name="Add and remove items from todo list" classname="Manage todo list as a todoMVC user" time="4.73"/>
  <testcase name="Mark items as completed from todo list" classname="Manage todo list as a todoMVC user" time="3.529"/>
  <testcase name="Move items from completed to active section" classname="Manage todo list as a todoMVC user" time="3.587"/>
  <testcase name="Clear completed items from todo list" classname="Manage todo list as a todoMVC user" time="3.678"/>
</testsuite>